{
"/home/dima/Рабочий стол/SMSC-master/modules/admin/src/Service/OrientDB.ts":{"path":"/home/dima/Рабочий стол/SMSC-master/modules/admin/src/Service/OrientDB.ts","s":{"1":1,"2":1,"3":1,"4":1,"5":1,"6":1,"7":0,"8":0,"9":0,"10":0,"11":0,"12":0,"13":0,"14":0,"15":0,"16":0,"17":0,"18":0,"19":0,"20":0,"21":0,"22":0,"23":0,"24":0,"25":0,"26":0,"27":0,"28":0,"29":0,"30":0,"31":0,"32":0,"33":0,"34":0,"35":0,"36":0,"37":0,"38":0,"39":0,"40":0,"41":0,"42":0,"43":0,"44":0,"45":0,"46":0,"47":0,"48":0,"49":0,"50":0,"51":0,"52":0,"53":0,"54":0,"55":0,"56":1,"57":0,"58":0,"59":0,"60":0,"61":0,"62":0,"63":0,"64":0,"65":0,"66":0,"67":0,"68":0,"69":0,"70":0,"71":0,"72":0,"73":0,"74":0,"75":0,"76":0,"77":0,"78":0,"79":0,"80":0,"81":0,"82":0,"83":0,"84":0,"85":0,"86":0,"87":0,"88":0,"89":0,"90":1,"91":0,"92":0,"93":0,"94":0,"95":0,"96":0,"97":0,"98":0,"99":0,"100":0,"101":0,"102":0,"103":0,"104":0,"105":0,"106":0,"107":0,"108":0,"109":1,"110":0,"111":0,"112":0,"113":0,"114":0,"115":0,"116":0,"117":0,"118":0,"119":1,"120":0,"121":0,"122":0,"123":0,"124":0,"125":0,"126":0,"127":0,"128":1,"129":0,"130":0,"131":0,"132":0,"133":0,"134":0,"135":0,"136":0,"137":0,"138":0,"139":0,"140":0,"141":1,"142":0,"143":0,"144":0,"145":0,"146":0,"147":0,"148":1,"149":0,"150":0,"151":0,"152":0,"153":0,"154":0,"155":0,"156":0,"157":0,"158":0,"159":0,"160":0,"161":0,"162":0,"163":0,"164":0,"165":0,"166":0,"167":0,"168":0,"169":0,"170":0,"171":0,"172":0,"173":0,"174":0,"175":0,"176":0,"177":0,"178":0,"179":0,"180":0,"181":0,"182":1,"183":0,"184":0,"185":1,"186":0,"187":0,"188":0,"189":1,"190":0,"191":1,"192":0,"193":1,"194":0,"195":1,"196":0,"197":1,"198":0,"199":1,"200":0,"201":1,"202":0,"203":1,"204":0,"205":1,"206":0,"207":1,"208":0,"209":1,"210":0,"211":1,"212":0,"213":1,"214":0,"215":1,"216":0,"217":1,"218":0,"219":1,"220":0,"221":1,"222":0,"223":1,"224":0,"225":1,"226":1,"227":1},"b":{"1":[0,0],"2":[0,0],"3":[0,0],"4":[0,0,0,0],"5":[0,0],"6":[0,0],"7":[0,0],"8":[0,0,0,0],"9":[0,0],"10":[0,0],"11":[0,0],"12":[0,0,0],"13":[0,0],"14":[0,0],"15":[0,0],"16":[0,0],"17":[0,0],"18":[0,0,0],"19":[0,0],"20":[0,0],"21":[0,0],"22":[0,0],"23":[0,0],"24":[0,0],"25":[0,0],"26":[0,0],"27":[0,0],"28":[0,0],"29":[0,0],"30":[0,0],"31":[0,0],"32":[0,0],"33":[0,0],"34":[0,0],"35":[0,0],"36":[0,0],"37":[0,0],"38":[0,0],"39":[0,0],"40":[0,0],"41":[0,0],"42":[0,0],"43":[0,0],"44":[0,0],"45":[0,0],"46":[0,0],"47":[0,0],"48":[0,0],"49":[0,0],"50":[0,0],"51":[0,0],"52":[0,0],"53":[0,0],"54":[0,0,0],"55":[0,0],"56":[0,0],"57":[0,0],"58":[0,0],"59":[0,0,0],"60":[0,0],"61":[0,0],"62":[0,0],"63":[0,0],"64":[0,0],"65":[0,0],"66":[0,0],"67":[0,0,0],"68":[0,0],"69":[0,0],"70":[0,0],"71":[0,0],"72":[0,0],"73":[0,0],"74":[0,0],"75":[0,0],"76":[0,0],"77":[0,0]},"f":{"1":1,"2":0,"3":0,"4":0,"5":0,"6":0,"7":0,"8":0,"9":0,"10":0,"11":0,"12":0,"13":0,"14":0,"15":0,"16":0,"17":0,"18":0,"19":0,"20":0,"21":0,"22":0,"23":0,"24":0,"25":0,"26":0,"27":0,"28":0,"29":0,"30":0,"31":0,"32":0,"33":0,"34":0,"35":0,"36":0},"fnMap":{"1":{"name":"(anonymous_1)","line":6,"loc":{"start":{"line":6,"column":17},"end":{"line":6,"column":29}}},"2":{"name":"ODatabase","line":7,"loc":{"start":{"line":7,"column":4},"end":{"line":7,"column":29}}},"3":{"name":"(anonymous_3)","line":9,"loc":{"start":{"line":9,"column":37},"end":{"line":9,"column":61}}},"4":{"name":"(anonymous_4)","line":27,"loc":{"start":{"line":27,"column":35},"end":{"line":27,"column":59}}},"5":{"name":"(anonymous_5)","line":47,"loc":{"start":{"line":47,"column":31},"end":{"line":47,"column":46}}},"6":{"name":"(anonymous_6)","line":55,"loc":{"start":{"line":55,"column":49},"end":{"line":55,"column":73}}},"7":{"name":"(anonymous_7)","line":92,"loc":{"start":{"line":92,"column":42},"end":{"line":92,"column":66}}},"8":{"name":"(anonymous_8)","line":140,"loc":{"start":{"line":140,"column":31},"end":{"line":140,"column":78}}},"9":{"name":"(anonymous_9)","line":159,"loc":{"start":{"line":159,"column":17},"end":{"line":159,"column":32}}},"10":{"name":"(anonymous_10)","line":160,"loc":{"start":{"line":160,"column":23},"end":{"line":160,"column":39}}},"11":{"name":"(anonymous_11)","line":165,"loc":{"start":{"line":165,"column":11},"end":{"line":165,"column":28}}},"12":{"name":"(anonymous_12)","line":170,"loc":{"start":{"line":170,"column":44},"end":{"line":170,"column":59}}},"13":{"name":"(anonymous_13)","line":190,"loc":{"start":{"line":190,"column":43},"end":{"line":190,"column":58}}},"14":{"name":"(anonymous_14)","line":205,"loc":{"start":{"line":205,"column":48},"end":{"line":205,"column":72}}},"15":{"name":"(anonymous_15)","line":227,"loc":{"start":{"line":227,"column":49},"end":{"line":227,"column":73}}},"16":{"name":"(anonymous_16)","line":237,"loc":{"start":{"line":237,"column":61},"end":{"line":237,"column":85}}},"17":{"name":"(anonymous_17)","line":292,"loc":{"start":{"line":292,"column":38},"end":{"line":292,"column":55}}},"18":{"name":"(anonymous_18)","line":296,"loc":{"start":{"line":296,"column":38},"end":{"line":296,"column":50}}},"19":{"name":"(anonymous_19)","line":302,"loc":{"start":{"line":302,"column":42},"end":{"line":302,"column":54}}},"20":{"name":"(anonymous_20)","line":305,"loc":{"start":{"line":305,"column":42},"end":{"line":305,"column":67}}},"21":{"name":"(anonymous_21)","line":308,"loc":{"start":{"line":308,"column":39},"end":{"line":308,"column":51}}},"22":{"name":"(anonymous_22)","line":311,"loc":{"start":{"line":311,"column":39},"end":{"line":311,"column":61}}},"23":{"name":"(anonymous_23)","line":314,"loc":{"start":{"line":314,"column":43},"end":{"line":314,"column":55}}},"24":{"name":"(anonymous_24)","line":317,"loc":{"start":{"line":317,"column":43},"end":{"line":317,"column":69}}},"25":{"name":"(anonymous_25)","line":320,"loc":{"start":{"line":320,"column":45},"end":{"line":320,"column":57}}},"26":{"name":"(anonymous_26)","line":323,"loc":{"start":{"line":323,"column":45},"end":{"line":323,"column":73}}},"27":{"name":"(anonymous_27)","line":326,"loc":{"start":{"line":326,"column":42},"end":{"line":326,"column":54}}},"28":{"name":"(anonymous_28)","line":329,"loc":{"start":{"line":329,"column":42},"end":{"line":329,"column":67}}},"29":{"name":"(anonymous_29)","line":332,"loc":{"start":{"line":332,"column":41},"end":{"line":332,"column":53}}},"30":{"name":"(anonymous_30)","line":335,"loc":{"start":{"line":335,"column":41},"end":{"line":335,"column":65}}},"31":{"name":"(anonymous_31)","line":338,"loc":{"start":{"line":338,"column":42},"end":{"line":338,"column":54}}},"32":{"name":"(anonymous_32)","line":341,"loc":{"start":{"line":341,"column":42},"end":{"line":341,"column":67}}},"33":{"name":"(anonymous_33)","line":344,"loc":{"start":{"line":344,"column":42},"end":{"line":344,"column":54}}},"34":{"name":"(anonymous_34)","line":347,"loc":{"start":{"line":347,"column":42},"end":{"line":347,"column":67}}},"35":{"name":"(anonymous_35)","line":350,"loc":{"start":{"line":350,"column":48},"end":{"line":350,"column":60}}},"36":{"name":"(anonymous_36)","line":353,"loc":{"start":{"line":353,"column":48},"end":{"line":353,"column":79}}}},"statementMap":{"1":{"start":{"line":2,"column":0},"end":{"line":2,"column":38}},"2":{"start":{"line":3,"column":0},"end":{"line":3,"column":30}},"3":{"start":{"line":4,"column":0},"end":{"line":4,"column":38}},"4":{"start":{"line":5,"column":0},"end":{"line":5,"column":33}},"5":{"start":{"line":6,"column":0},"end":{"line":361,"column":5}},"6":{"start":{"line":7,"column":4},"end":{"line":91,"column":5}},"7":{"start":{"line":8,"column":8},"end":{"line":8,"column":25}},"8":{"start":{"line":9,"column":8},"end":{"line":26,"column":10}},"9":{"start":{"line":10,"column":12},"end":{"line":24,"column":13}},"10":{"start":{"line":11,"column":16},"end":{"line":13,"column":17}},"11":{"start":{"line":12,"column":20},"end":{"line":12,"column":29}},"12":{"start":{"line":14,"column":16},"end":{"line":14,"column":39}},"13":{"start":{"line":15,"column":16},"end":{"line":23,"column":17}},"14":{"start":{"line":16,"column":20},"end":{"line":16,"column":63}},"15":{"start":{"line":19,"column":20},"end":{"line":22,"column":21}},"16":{"start":{"line":21,"column":24},"end":{"line":21,"column":52}},"17":{"start":{"line":25,"column":12},"end":{"line":25,"column":23}},"18":{"start":{"line":27,"column":8},"end":{"line":46,"column":10}},"19":{"start":{"line":28,"column":12},"end":{"line":44,"column":13}},"20":{"start":{"line":29,"column":16},"end":{"line":31,"column":17}},"21":{"start":{"line":30,"column":20},"end":{"line":30,"column":29}},"22":{"start":{"line":32,"column":16},"end":{"line":32,"column":39}},"23":{"start":{"line":33,"column":16},"end":{"line":43,"column":17}},"24":{"start":{"line":34,"column":20},"end":{"line":34,"column":61}},"25":{"start":{"line":37,"column":20},"end":{"line":42,"column":21}},"26":{"start":{"line":40,"column":24},"end":{"line":40,"column":43}},"27":{"start":{"line":41,"column":24},"end":{"line":41,"column":45}},"28":{"start":{"line":45,"column":12},"end":{"line":45,"column":27}},"29":{"start":{"line":47,"column":8},"end":{"line":54,"column":10}},"30":{"start":{"line":48,"column":12},"end":{"line":53,"column":13}},"31":{"start":{"line":49,"column":16},"end":{"line":49,"column":27}},"32":{"start":{"line":52,"column":16},"end":{"line":52,"column":33}},"33":{"start":{"line":55,"column":8},"end":{"line":90,"column":10}},"34":{"start":{"line":56,"column":12},"end":{"line":88,"column":13}},"35":{"start":{"line":57,"column":16},"end":{"line":59,"column":17}},"36":{"start":{"line":58,"column":20},"end":{"line":58,"column":29}},"37":{"start":{"line":60,"column":16},"end":{"line":60,"column":39}},"38":{"start":{"line":61,"column":16},"end":{"line":87,"column":17}},"39":{"start":{"line":62,"column":20},"end":{"line":68,"column":21}},"40":{"start":{"line":63,"column":24},"end":{"line":63,"column":70}},"41":{"start":{"line":64,"column":24},"end":{"line":66,"column":25}},"42":{"start":{"line":65,"column":28},"end":{"line":65,"column":49}},"43":{"start":{"line":67,"column":24},"end":{"line":67,"column":89}},"44":{"start":{"line":70,"column":21},"end":{"line":87,"column":17}},"45":{"start":{"line":72,"column":20},"end":{"line":86,"column":21}},"46":{"start":{"line":73,"column":24},"end":{"line":75,"column":25}},"47":{"start":{"line":74,"column":28},"end":{"line":74,"column":37}},"48":{"start":{"line":76,"column":24},"end":{"line":76,"column":50}},"49":{"start":{"line":77,"column":24},"end":{"line":85,"column":25}},"50":{"start":{"line":78,"column":28},"end":{"line":83,"column":29}},"51":{"start":{"line":79,"column":32},"end":{"line":79,"column":83}},"52":{"start":{"line":80,"column":32},"end":{"line":82,"column":33}},"53":{"start":{"line":81,"column":36},"end":{"line":81,"column":62}},"54":{"start":{"line":84,"column":28},"end":{"line":84,"column":98}},"55":{"start":{"line":89,"column":12},"end":{"line":89,"column":27}},"56":{"start":{"line":92,"column":4},"end":{"line":139,"column":6}},"57":{"start":{"line":93,"column":8},"end":{"line":93,"column":97}},"58":{"start":{"line":94,"column":8},"end":{"line":94,"column":30}},"59":{"start":{"line":95,"column":8},"end":{"line":95,"column":31}},"60":{"start":{"line":96,"column":8},"end":{"line":96,"column":38}},"61":{"start":{"line":97,"column":8},"end":{"line":97,"column":33}},"62":{"start":{"line":98,"column":8},"end":{"line":98,"column":34}},"63":{"start":{"line":99,"column":8},"end":{"line":99,"column":36}},"64":{"start":{"line":100,"column":8},"end":{"line":100,"column":33}},"65":{"start":{"line":101,"column":8},"end":{"line":101,"column":33}},"66":{"start":{"line":102,"column":8},"end":{"line":102,"column":38}},"67":{"start":{"line":103,"column":8},"end":{"line":103,"column":49}},"68":{"start":{"line":104,"column":8},"end":{"line":104,"column":29}},"69":{"start":{"line":105,"column":8},"end":{"line":105,"column":28}},"70":{"start":{"line":106,"column":8},"end":{"line":138,"column":9}},"71":{"start":{"line":107,"column":12},"end":{"line":107,"column":64}},"72":{"start":{"line":108,"column":12},"end":{"line":113,"column":13}},"73":{"start":{"line":109,"column":16},"end":{"line":109,"column":53}},"74":{"start":{"line":112,"column":16},"end":{"line":112,"column":51}},"75":{"start":{"line":114,"column":12},"end":{"line":121,"column":13}},"76":{"start":{"line":115,"column":16},"end":{"line":115,"column":70}},"77":{"start":{"line":116,"column":16},"end":{"line":116,"column":68}},"78":{"start":{"line":119,"column":16},"end":{"line":119,"column":48}},"79":{"start":{"line":120,"column":16},"end":{"line":120,"column":41}},"80":{"start":{"line":122,"column":12},"end":{"line":137,"column":13}},"81":{"start":{"line":123,"column":16},"end":{"line":123,"column":46}},"82":{"start":{"line":124,"column":16},"end":{"line":124,"column":57}},"83":{"start":{"line":125,"column":16},"end":{"line":133,"column":17}},"84":{"start":{"line":126,"column":20},"end":{"line":128,"column":21}},"85":{"start":{"line":127,"column":24},"end":{"line":127,"column":33}},"86":{"start":{"line":129,"column":20},"end":{"line":131,"column":21}},"87":{"start":{"line":130,"column":24},"end":{"line":130,"column":56}},"88":{"start":{"line":132,"column":20},"end":{"line":132,"column":57}},"89":{"start":{"line":136,"column":16},"end":{"line":136,"column":61}},"90":{"start":{"line":140,"column":4},"end":{"line":169,"column":6}},"91":{"start":{"line":141,"column":8},"end":{"line":141,"column":25}},"92":{"start":{"line":142,"column":8},"end":{"line":144,"column":9}},"93":{"start":{"line":143,"column":12},"end":{"line":143,"column":26}},"94":{"start":{"line":145,"column":8},"end":{"line":147,"column":9}},"95":{"start":{"line":146,"column":12},"end":{"line":146,"column":26}},"96":{"start":{"line":148,"column":8},"end":{"line":153,"column":9}},"97":{"start":{"line":149,"column":12},"end":{"line":149,"column":64}},"98":{"start":{"line":152,"column":12},"end":{"line":152,"column":46}},"99":{"start":{"line":154,"column":8},"end":{"line":156,"column":9}},"100":{"start":{"line":155,"column":12},"end":{"line":155,"column":25}},"101":{"start":{"line":157,"column":8},"end":{"line":157,"column":89}},"102":{"start":{"line":158,"column":8},"end":{"line":168,"column":11}},"103":{"start":{"line":159,"column":34},"end":{"line":159,"column":52}},"104":{"start":{"line":161,"column":12},"end":{"line":161,"column":40}},"105":{"start":{"line":162,"column":12},"end":{"line":164,"column":13}},"106":{"start":{"line":163,"column":16},"end":{"line":163,"column":69}},"107":{"start":{"line":166,"column":12},"end":{"line":166,"column":72}},"108":{"start":{"line":167,"column":12},"end":{"line":167,"column":40}},"109":{"start":{"line":170,"column":4},"end":{"line":189,"column":6}},"110":{"start":{"line":171,"column":8},"end":{"line":188,"column":9}},"111":{"start":{"line":172,"column":12},"end":{"line":172,"column":28}},"112":{"start":{"line":173,"column":12},"end":{"line":178,"column":13}},"113":{"start":{"line":174,"column":16},"end":{"line":174,"column":46}},"114":{"start":{"line":177,"column":16},"end":{"line":177,"column":34}},"115":{"start":{"line":179,"column":12},"end":{"line":184,"column":13}},"116":{"start":{"line":180,"column":16},"end":{"line":180,"column":58}},"117":{"start":{"line":183,"column":16},"end":{"line":183,"column":35}},"118":{"start":{"line":187,"column":12},"end":{"line":187,"column":23}},"119":{"start":{"line":190,"column":4},"end":{"line":204,"column":6}},"120":{"start":{"line":191,"column":8},"end":{"line":202,"column":9}},"121":{"start":{"line":192,"column":12},"end":{"line":194,"column":14}},"122":{"start":{"line":195,"column":12},"end":{"line":195,"column":63}},"123":{"start":{"line":196,"column":12},"end":{"line":201,"column":13}},"124":{"start":{"line":197,"column":16},"end":{"line":197,"column":65}},"125":{"start":{"line":198,"column":16},"end":{"line":200,"column":17}},"126":{"start":{"line":199,"column":20},"end":{"line":199,"column":67}},"127":{"start":{"line":203,"column":8},"end":{"line":203,"column":19}},"128":{"start":{"line":205,"column":4},"end":{"line":226,"column":6}},"129":{"start":{"line":206,"column":8},"end":{"line":224,"column":9}},"130":{"start":{"line":207,"column":12},"end":{"line":209,"column":13}},"131":{"start":{"line":208,"column":16},"end":{"line":208,"column":25}},"132":{"start":{"line":210,"column":12},"end":{"line":210,"column":35}},"133":{"start":{"line":211,"column":12},"end":{"line":223,"column":13}},"134":{"start":{"line":212,"column":16},"end":{"line":212,"column":59}},"135":{"start":{"line":215,"column":16},"end":{"line":222,"column":17}},"136":{"start":{"line":216,"column":20},"end":{"line":221,"column":21}},"137":{"start":{"line":217,"column":24},"end":{"line":220,"column":25}},"138":{"start":{"line":218,"column":28},"end":{"line":218,"column":47}},"139":{"start":{"line":219,"column":28},"end":{"line":219,"column":50}},"140":{"start":{"line":225,"column":8},"end":{"line":225,"column":23}},"141":{"start":{"line":227,"column":4},"end":{"line":236,"column":6}},"142":{"start":{"line":228,"column":8},"end":{"line":228,"column":71}},"143":{"start":{"line":229,"column":8},"end":{"line":234,"column":9}},"144":{"start":{"line":230,"column":12},"end":{"line":233,"column":13}},"145":{"start":{"line":231,"column":16},"end":{"line":231,"column":60}},"146":{"start":{"line":232,"column":16},"end":{"line":232,"column":35}},"147":{"start":{"line":235,"column":8},"end":{"line":235,"column":62}},"148":{"start":{"line":237,"column":4},"end":{"line":291,"column":6}},"149":{"start":{"line":238,"column":8},"end":{"line":290,"column":9}},"150":{"start":{"line":239,"column":12},"end":{"line":241,"column":13}},"151":{"start":{"line":240,"column":16},"end":{"line":240,"column":25}},"152":{"start":{"line":242,"column":12},"end":{"line":242,"column":35}},"153":{"start":{"line":243,"column":12},"end":{"line":289,"column":13}},"154":{"start":{"line":244,"column":16},"end":{"line":244,"column":41}},"155":{"start":{"line":245,"column":16},"end":{"line":257,"column":17}},"156":{"start":{"line":246,"column":20},"end":{"line":246,"column":66}},"157":{"start":{"line":247,"column":20},"end":{"line":256,"column":21}},"158":{"start":{"line":248,"column":24},"end":{"line":248,"column":52}},"159":{"start":{"line":249,"column":24},"end":{"line":255,"column":25}},"160":{"start":{"line":250,"column":28},"end":{"line":250,"column":47}},"161":{"start":{"line":253,"column":28},"end":{"line":253,"column":50}},"162":{"start":{"line":254,"column":28},"end":{"line":254,"column":50}},"163":{"start":{"line":258,"column":16},"end":{"line":260,"column":17}},"164":{"start":{"line":259,"column":20},"end":{"line":259,"column":76}},"165":{"start":{"line":262,"column":17},"end":{"line":289,"column":13}},"166":{"start":{"line":264,"column":16},"end":{"line":288,"column":17}},"167":{"start":{"line":265,"column":20},"end":{"line":267,"column":21}},"168":{"start":{"line":266,"column":24},"end":{"line":266,"column":33}},"169":{"start":{"line":268,"column":20},"end":{"line":268,"column":46}},"170":{"start":{"line":269,"column":20},"end":{"line":287,"column":21}},"171":{"start":{"line":270,"column":24},"end":{"line":270,"column":49}},"172":{"start":{"line":271,"column":24},"end":{"line":283,"column":25}},"173":{"start":{"line":272,"column":28},"end":{"line":272,"column":79}},"174":{"start":{"line":273,"column":28},"end":{"line":282,"column":29}},"175":{"start":{"line":274,"column":32},"end":{"line":274,"column":60}},"176":{"start":{"line":275,"column":32},"end":{"line":281,"column":33}},"177":{"start":{"line":276,"column":36},"end":{"line":276,"column":55}},"178":{"start":{"line":279,"column":36},"end":{"line":279,"column":56}},"179":{"start":{"line":280,"column":36},"end":{"line":280,"column":58}},"180":{"start":{"line":284,"column":24},"end":{"line":286,"column":25}},"181":{"start":{"line":285,"column":28},"end":{"line":285,"column":89}},"182":{"start":{"line":292,"column":4},"end":{"line":295,"column":6}},"183":{"start":{"line":293,"column":8},"end":{"line":293,"column":29}},"184":{"start":{"line":294,"column":8},"end":{"line":294,"column":75}},"185":{"start":{"line":296,"column":4},"end":{"line":301,"column":6}},"186":{"start":{"line":297,"column":8},"end":{"line":299,"column":9}},"187":{"start":{"line":298,"column":12},"end":{"line":298,"column":24}},"188":{"start":{"line":300,"column":8},"end":{"line":300,"column":45}},"189":{"start":{"line":302,"column":4},"end":{"line":304,"column":6}},"190":{"start":{"line":303,"column":8},"end":{"line":303,"column":33}},"191":{"start":{"line":305,"column":4},"end":{"line":307,"column":6}},"192":{"start":{"line":306,"column":8},"end":{"line":306,"column":42}},"193":{"start":{"line":308,"column":4},"end":{"line":310,"column":6}},"194":{"start":{"line":309,"column":8},"end":{"line":309,"column":30}},"195":{"start":{"line":311,"column":4},"end":{"line":313,"column":6}},"196":{"start":{"line":312,"column":8},"end":{"line":312,"column":36}},"197":{"start":{"line":314,"column":4},"end":{"line":316,"column":6}},"198":{"start":{"line":315,"column":8},"end":{"line":315,"column":34}},"199":{"start":{"line":317,"column":4},"end":{"line":319,"column":6}},"200":{"start":{"line":318,"column":8},"end":{"line":318,"column":44}},"201":{"start":{"line":320,"column":4},"end":{"line":322,"column":6}},"202":{"start":{"line":321,"column":8},"end":{"line":321,"column":36}},"203":{"start":{"line":323,"column":4},"end":{"line":325,"column":6}},"204":{"start":{"line":324,"column":8},"end":{"line":324,"column":48}},"205":{"start":{"line":326,"column":4},"end":{"line":328,"column":6}},"206":{"start":{"line":327,"column":8},"end":{"line":327,"column":33}},"207":{"start":{"line":329,"column":4},"end":{"line":331,"column":6}},"208":{"start":{"line":330,"column":8},"end":{"line":330,"column":42}},"209":{"start":{"line":332,"column":4},"end":{"line":334,"column":6}},"210":{"start":{"line":333,"column":8},"end":{"line":333,"column":32}},"211":{"start":{"line":335,"column":4},"end":{"line":337,"column":6}},"212":{"start":{"line":336,"column":8},"end":{"line":336,"column":40}},"213":{"start":{"line":338,"column":4},"end":{"line":340,"column":6}},"214":{"start":{"line":339,"column":8},"end":{"line":339,"column":40}},"215":{"start":{"line":341,"column":4},"end":{"line":343,"column":6}},"216":{"start":{"line":342,"column":8},"end":{"line":342,"column":49}},"217":{"start":{"line":344,"column":4},"end":{"line":346,"column":6}},"218":{"start":{"line":345,"column":8},"end":{"line":345,"column":33}},"219":{"start":{"line":347,"column":4},"end":{"line":349,"column":6}},"220":{"start":{"line":348,"column":8},"end":{"line":348,"column":42}},"221":{"start":{"line":350,"column":4},"end":{"line":352,"column":6}},"222":{"start":{"line":351,"column":8},"end":{"line":351,"column":38}},"223":{"start":{"line":353,"column":4},"end":{"line":355,"column":6}},"224":{"start":{"line":354,"column":8},"end":{"line":354,"column":53}},"225":{"start":{"line":356,"column":4},"end":{"line":359,"column":18}},"226":{"start":{"line":360,"column":4},"end":{"line":360,"column":21}},"227":{"start":{"line":362,"column":0},"end":{"line":362,"column":30}}},"branchMap":{"1":{"line":11,"type":"if","locations":[{"start":{"line":11,"column":16},"end":{"line":11,"column":16}},{"start":{"line":11,"column":16},"end":{"line":11,"column":16}}]},"2":{"line":15,"type":"if","locations":[{"start":{"line":15,"column":16},"end":{"line":15,"column":16}},{"start":{"line":15,"column":16},"end":{"line":15,"column":16}}]},"3":{"line":19,"type":"if","locations":[{"start":{"line":19,"column":20},"end":{"line":19,"column":20}},{"start":{"line":19,"column":20},"end":{"line":19,"column":20}}]},"4":{"line":19,"type":"binary-expr","locations":[{"start":{"line":19,"column":24},"end":{"line":19,"column":39}},{"start":{"line":19,"column":43},"end":{"line":19,"column":59}},{"start":{"line":20,"column":27},"end":{"line":20,"column":49}},{"start":{"line":20,"column":53},"end":{"line":20,"column":75}}]},"5":{"line":29,"type":"if","locations":[{"start":{"line":29,"column":16},"end":{"line":29,"column":16}},{"start":{"line":29,"column":16},"end":{"line":29,"column":16}}]},"6":{"line":33,"type":"if","locations":[{"start":{"line":33,"column":16},"end":{"line":33,"column":16}},{"start":{"line":33,"column":16},"end":{"line":33,"column":16}}]},"7":{"line":37,"type":"if","locations":[{"start":{"line":37,"column":20},"end":{"line":37,"column":20}},{"start":{"line":37,"column":20},"end":{"line":37,"column":20}}]},"8":{"line":37,"type":"binary-expr","locations":[{"start":{"line":37,"column":24},"end":{"line":37,"column":39}},{"start":{"line":37,"column":43},"end":{"line":37,"column":59}},{"start":{"line":38,"column":27},"end":{"line":38,"column":56}},{"start":{"line":39,"column":27},"end":{"line":39,"column":50}}]},"9":{"line":48,"type":"if","locations":[{"start":{"line":48,"column":12},"end":{"line":48,"column":12}},{"start":{"line":48,"column":12},"end":{"line":48,"column":12}}]},"10":{"line":57,"type":"if","locations":[{"start":{"line":57,"column":16},"end":{"line":57,"column":16}},{"start":{"line":57,"column":16},"end":{"line":57,"column":16}}]},"11":{"line":61,"type":"if","locations":[{"start":{"line":61,"column":16},"end":{"line":61,"column":16}},{"start":{"line":61,"column":16},"end":{"line":61,"column":16}}]},"12":{"line":61,"type":"binary-expr","locations":[{"start":{"line":61,"column":20},"end":{"line":61,"column":33}},{"start":{"line":61,"column":37},"end":{"line":61,"column":61}},{"start":{"line":61,"column":65},"end":{"line":61,"column":86}}]},"13":{"line":62,"type":"if","locations":[{"start":{"line":62,"column":20},"end":{"line":62,"column":20}},{"start":{"line":62,"column":20},"end":{"line":62,"column":20}}]},"14":{"line":62,"type":"binary-expr","locations":[{"start":{"line":62,"column":24},"end":{"line":62,"column":45}},{"start":{"line":62,"column":49},"end":{"line":62,"column":62}}]},"15":{"line":64,"type":"if","locations":[{"start":{"line":64,"column":24},"end":{"line":64,"column":24}},{"start":{"line":64,"column":24},"end":{"line":64,"column":24}}]},"16":{"line":64,"type":"binary-expr","locations":[{"start":{"line":64,"column":28},"end":{"line":64,"column":48}},{"start":{"line":64,"column":52},"end":{"line":64,"column":65}}]},"17":{"line":70,"type":"if","locations":[{"start":{"line":70,"column":21},"end":{"line":70,"column":21}},{"start":{"line":70,"column":21},"end":{"line":70,"column":21}}]},"18":{"line":70,"type":"binary-expr","locations":[{"start":{"line":70,"column":25},"end":{"line":70,"column":38}},{"start":{"line":70,"column":42},"end":{"line":70,"column":66}},{"start":{"line":71,"column":23},"end":{"line":71,"column":43}}]},"19":{"line":73,"type":"if","locations":[{"start":{"line":73,"column":24},"end":{"line":73,"column":24}},{"start":{"line":73,"column":24},"end":{"line":73,"column":24}}]},"20":{"line":77,"type":"if","locations":[{"start":{"line":77,"column":24},"end":{"line":77,"column":24}},{"start":{"line":77,"column":24},"end":{"line":77,"column":24}}]},"21":{"line":77,"type":"binary-expr","locations":[{"start":{"line":77,"column":28},"end":{"line":77,"column":46}},{"start":{"line":77,"column":50},"end":{"line":77,"column":79}}]},"22":{"line":78,"type":"if","locations":[{"start":{"line":78,"column":28},"end":{"line":78,"column":28}},{"start":{"line":78,"column":28},"end":{"line":78,"column":28}}]},"23":{"line":78,"type":"binary-expr","locations":[{"start":{"line":78,"column":32},"end":{"line":78,"column":58}},{"start":{"line":78,"column":62},"end":{"line":78,"column":80}}]},"24":{"line":80,"type":"if","locations":[{"start":{"line":80,"column":32},"end":{"line":80,"column":32}},{"start":{"line":80,"column":32},"end":{"line":80,"column":32}}]},"25":{"line":80,"type":"binary-expr","locations":[{"start":{"line":80,"column":36},"end":{"line":80,"column":56}},{"start":{"line":80,"column":60},"end":{"line":80,"column":73}}]},"26":{"line":106,"type":"if","locations":[{"start":{"line":106,"column":8},"end":{"line":106,"column":8}},{"start":{"line":106,"column":8},"end":{"line":106,"column":8}}]},"27":{"line":108,"type":"if","locations":[{"start":{"line":108,"column":12},"end":{"line":108,"column":12}},{"start":{"line":108,"column":12},"end":{"line":108,"column":12}}]},"28":{"line":114,"type":"if","locations":[{"start":{"line":114,"column":12},"end":{"line":114,"column":12}},{"start":{"line":114,"column":12},"end":{"line":114,"column":12}}]},"29":{"line":122,"type":"if","locations":[{"start":{"line":122,"column":12},"end":{"line":122,"column":12}},{"start":{"line":122,"column":12},"end":{"line":122,"column":12}}]},"30":{"line":122,"type":"binary-expr","locations":[{"start":{"line":122,"column":16},"end":{"line":122,"column":41}},{"start":{"line":122,"column":45},"end":{"line":122,"column":80}}]},"31":{"line":126,"type":"if","locations":[{"start":{"line":126,"column":20},"end":{"line":126,"column":20}},{"start":{"line":126,"column":20},"end":{"line":126,"column":20}}]},"32":{"line":129,"type":"if","locations":[{"start":{"line":129,"column":20},"end":{"line":129,"column":20}},{"start":{"line":129,"column":20},"end":{"line":129,"column":20}}]},"33":{"line":142,"type":"if","locations":[{"start":{"line":142,"column":8},"end":{"line":142,"column":8}},{"start":{"line":142,"column":8},"end":{"line":142,"column":8}}]},"34":{"line":145,"type":"if","locations":[{"start":{"line":145,"column":8},"end":{"line":145,"column":8}},{"start":{"line":145,"column":8},"end":{"line":145,"column":8}}]},"35":{"line":148,"type":"if","locations":[{"start":{"line":148,"column":8},"end":{"line":148,"column":8}},{"start":{"line":148,"column":8},"end":{"line":148,"column":8}}]},"36":{"line":148,"type":"binary-expr","locations":[{"start":{"line":148,"column":12},"end":{"line":148,"column":29}},{"start":{"line":148,"column":33},"end":{"line":148,"column":48}}]},"37":{"line":154,"type":"if","locations":[{"start":{"line":154,"column":8},"end":{"line":154,"column":8}},{"start":{"line":154,"column":8},"end":{"line":154,"column":8}}]},"38":{"line":154,"type":"binary-expr","locations":[{"start":{"line":154,"column":12},"end":{"line":154,"column":24}},{"start":{"line":154,"column":28},"end":{"line":154,"column":38}}]},"39":{"line":162,"type":"if","locations":[{"start":{"line":162,"column":12},"end":{"line":162,"column":12}},{"start":{"line":162,"column":12},"end":{"line":162,"column":12}}]},"40":{"line":171,"type":"if","locations":[{"start":{"line":171,"column":8},"end":{"line":171,"column":8}},{"start":{"line":171,"column":8},"end":{"line":171,"column":8}}]},"41":{"line":173,"type":"if","locations":[{"start":{"line":173,"column":12},"end":{"line":173,"column":12}},{"start":{"line":173,"column":12},"end":{"line":173,"column":12}}]},"42":{"line":173,"type":"binary-expr","locations":[{"start":{"line":173,"column":16},"end":{"line":173,"column":30}},{"start":{"line":173,"column":34},"end":{"line":173,"column":56}}]},"43":{"line":179,"type":"if","locations":[{"start":{"line":179,"column":12},"end":{"line":179,"column":12}},{"start":{"line":179,"column":12},"end":{"line":179,"column":12}}]},"44":{"line":191,"type":"if","locations":[{"start":{"line":191,"column":8},"end":{"line":191,"column":8}},{"start":{"line":191,"column":8},"end":{"line":191,"column":8}}]},"45":{"line":196,"type":"if","locations":[{"start":{"line":196,"column":12},"end":{"line":196,"column":12}},{"start":{"line":196,"column":12},"end":{"line":196,"column":12}}]},"46":{"line":198,"type":"if","locations":[{"start":{"line":198,"column":16},"end":{"line":198,"column":16}},{"start":{"line":198,"column":16},"end":{"line":198,"column":16}}]},"47":{"line":207,"type":"if","locations":[{"start":{"line":207,"column":12},"end":{"line":207,"column":12}},{"start":{"line":207,"column":12},"end":{"line":207,"column":12}}]},"48":{"line":211,"type":"if","locations":[{"start":{"line":211,"column":12},"end":{"line":211,"column":12}},{"start":{"line":211,"column":12},"end":{"line":211,"column":12}}]},"49":{"line":215,"type":"if","locations":[{"start":{"line":215,"column":16},"end":{"line":215,"column":16}},{"start":{"line":215,"column":16},"end":{"line":215,"column":16}}]},"50":{"line":216,"type":"if","locations":[{"start":{"line":216,"column":20},"end":{"line":216,"column":20}},{"start":{"line":216,"column":20},"end":{"line":216,"column":20}}]},"51":{"line":216,"type":"binary-expr","locations":[{"start":{"line":216,"column":24},"end":{"line":216,"column":40}},{"start":{"line":216,"column":44},"end":{"line":216,"column":66}}]},"52":{"line":217,"type":"if","locations":[{"start":{"line":217,"column":24},"end":{"line":217,"column":24}},{"start":{"line":217,"column":24},"end":{"line":217,"column":24}}]},"53":{"line":229,"type":"if","locations":[{"start":{"line":229,"column":8},"end":{"line":229,"column":8}},{"start":{"line":229,"column":8},"end":{"line":229,"column":8}}]},"54":{"line":229,"type":"binary-expr","locations":[{"start":{"line":229,"column":12},"end":{"line":229,"column":23}},{"start":{"line":229,"column":27},"end":{"line":229,"column":49}},{"start":{"line":229,"column":53},"end":{"line":229,"column":72}}]},"55":{"line":230,"type":"if","locations":[{"start":{"line":230,"column":12},"end":{"line":230,"column":12}},{"start":{"line":230,"column":12},"end":{"line":230,"column":12}}]},"56":{"line":230,"type":"binary-expr","locations":[{"start":{"line":230,"column":16},"end":{"line":230,"column":35}},{"start":{"line":230,"column":39},"end":{"line":230,"column":50}}]},"57":{"line":239,"type":"if","locations":[{"start":{"line":239,"column":12},"end":{"line":239,"column":12}},{"start":{"line":239,"column":12},"end":{"line":239,"column":12}}]},"58":{"line":243,"type":"if","locations":[{"start":{"line":243,"column":12},"end":{"line":243,"column":12}},{"start":{"line":243,"column":12},"end":{"line":243,"column":12}}]},"59":{"line":243,"type":"binary-expr","locations":[{"start":{"line":243,"column":16},"end":{"line":243,"column":29}},{"start":{"line":243,"column":33},"end":{"line":243,"column":57}},{"start":{"line":243,"column":61},"end":{"line":243,"column":82}}]},"60":{"line":245,"type":"if","locations":[{"start":{"line":245,"column":16},"end":{"line":245,"column":16}},{"start":{"line":245,"column":16},"end":{"line":245,"column":16}}]},"61":{"line":245,"type":"binary-expr","locations":[{"start":{"line":245,"column":20},"end":{"line":245,"column":41}},{"start":{"line":245,"column":45},"end":{"line":245,"column":58}}]},"62":{"line":247,"type":"if","locations":[{"start":{"line":247,"column":20},"end":{"line":247,"column":20}},{"start":{"line":247,"column":20},"end":{"line":247,"column":20}}]},"63":{"line":247,"type":"binary-expr","locations":[{"start":{"line":247,"column":24},"end":{"line":247,"column":44}},{"start":{"line":247,"column":48},"end":{"line":247,"column":60}}]},"64":{"line":249,"type":"if","locations":[{"start":{"line":249,"column":24},"end":{"line":249,"column":24}},{"start":{"line":249,"column":24},"end":{"line":249,"column":24}}]},"65":{"line":258,"type":"if","locations":[{"start":{"line":258,"column":16},"end":{"line":258,"column":16}},{"start":{"line":258,"column":16},"end":{"line":258,"column":16}}]},"66":{"line":262,"type":"if","locations":[{"start":{"line":262,"column":17},"end":{"line":262,"column":17}},{"start":{"line":262,"column":17},"end":{"line":262,"column":17}}]},"67":{"line":262,"type":"binary-expr","locations":[{"start":{"line":262,"column":21},"end":{"line":262,"column":34}},{"start":{"line":262,"column":38},"end":{"line":262,"column":62}},{"start":{"line":263,"column":19},"end":{"line":263,"column":39}}]},"68":{"line":265,"type":"if","locations":[{"start":{"line":265,"column":20},"end":{"line":265,"column":20}},{"start":{"line":265,"column":20},"end":{"line":265,"column":20}}]},"69":{"line":269,"type":"if","locations":[{"start":{"line":269,"column":20},"end":{"line":269,"column":20}},{"start":{"line":269,"column":20},"end":{"line":269,"column":20}}]},"70":{"line":271,"type":"if","locations":[{"start":{"line":271,"column":24},"end":{"line":271,"column":24}},{"start":{"line":271,"column":24},"end":{"line":271,"column":24}}]},"71":{"line":271,"type":"binary-expr","locations":[{"start":{"line":271,"column":28},"end":{"line":271,"column":54}},{"start":{"line":271,"column":58},"end":{"line":271,"column":76}}]},"72":{"line":273,"type":"if","locations":[{"start":{"line":273,"column":28},"end":{"line":273,"column":28}},{"start":{"line":273,"column":28},"end":{"line":273,"column":28}}]},"73":{"line":273,"type":"binary-expr","locations":[{"start":{"line":273,"column":32},"end":{"line":273,"column":52}},{"start":{"line":273,"column":56},"end":{"line":273,"column":68}}]},"74":{"line":275,"type":"if","locations":[{"start":{"line":275,"column":32},"end":{"line":275,"column":32}},{"start":{"line":275,"column":32},"end":{"line":275,"column":32}}]},"75":{"line":284,"type":"if","locations":[{"start":{"line":284,"column":24},"end":{"line":284,"column":24}},{"start":{"line":284,"column":24},"end":{"line":284,"column":24}}]},"76":{"line":294,"type":"binary-expr","locations":[{"start":{"line":294,"column":37},"end":{"line":294,"column":55}},{"start":{"line":294,"column":59},"end":{"line":294,"column":73}}]},"77":{"line":297,"type":"if","locations":[{"start":{"line":297,"column":8},"end":{"line":297,"column":8}},{"start":{"line":297,"column":8},"end":{"line":297,"column":8}}]}},"code":["\"use strict\";","var core_1 = require('angular2/core');","var Rx_1 = require('rxjs/Rx');","var http_1 = require('angular2/http');","require('rxjs/add/operator/map');","var ODatabase = (function () {","    function ODatabase(http) {","        this.http = http;","        this.getObjectFromLinksMap = function (obj, linkMap) {","            for (var field in obj) {","                if (!obj.hasOwnProperty(field)) {","                    continue;","                }","                var value = obj[field];","                if (typeof value == 'object') {","                    this.getObjectFromLinksMap(value, linkMap);","                }","                else {","                    if (field != '@rid' && value.length > 0","                        && value.charAt(0) == '#' && linkMap[value] != null) {","                        obj[field] = linkMap[value];","                    }","                }","            }","            return obj;","        };","        this.putObjectInLinksMap = function (obj, linkMap) {","            for (var field in obj) {","                if (!obj.hasOwnProperty(field)) {","                    continue;","                }","                var value = obj[field];","                if (typeof value == 'object') {","                    this.putObjectInLinksMap(value, linkMap);","                }","                else {","                    if (field == '@rid' && value.length > 0","                        && linkMap.hasOwnProperty(value)","                        && linkMap[value] === null) {","                        linkMap[\"foo\"] = 2;","                        linkMap[value] = obj;","                    }","                }","            }","            return linkMap;","        };","        this.getRidWithPound = function (rid) {","            if (rid.indexOf('#', 0) > -1) {","                return rid;","            }","            else {","                return '#' + rid;","            }","        };","        this.removeCircleReferencesPopulateMap = function (obj, linkMap) {","            for (var field in obj) {","                if (!obj.hasOwnProperty(field)) {","                    continue;","                }","                var value = obj[field];","                if (value != null && typeof value == 'object' && !Array.isArray(value)) {","                    if (value['@rid'] != null && value['@rid']) {","                        var rid = this.getRidWithPound(value['@rid']);","                        if (linkMap[rid] == null || !linkMap[rid]) {","                            linkMap[rid] = value;","                        }","                        linkMap = this.removeCircleReferencesPopulateMap(value, linkMap);","                    }","                }","                else if (value != null && typeof value == 'object'","                    && Array.isArray(value)) {","                    for (var i in value) {","                        if (!value.hasOwnProperty(i)) {","                            continue;","                        }","                        var arrayValue = value[i];","                        if (arrayValue != null && typeof arrayValue == 'object') {","                            if (arrayValue['@rid'] != null && arrayValue['@rid']) {","                                var rid = this.getRidWithPound(arrayValue['@rid']);","                                if (linkMap[rid] == null || !linkMap[rid]) {","                                    linkMap[rid] = arrayValue;","                                }","                            }","                            linkMap = this.removeCircleReferencesPopulateMap(arrayValue, linkMap);","                        }","                    }","                }","            }","            return linkMap;","        };","    }","    ODatabase.prototype.getDatabasePath = function (databasePath) {","        this.headers = new http_1.Headers({ 'Content-Type': 'application/json; charset=utf-8' });","        this.databaseUrl = \"\";","        this.databaseName = \"\";","        this.encodedDatabaseName = \"\";","        this.databaseInfo = null;","        this.commandResult = null;","        this.commandResponse = null;","        this.errorMessage = null;","        this.evalResponse = true;","        this.parseResponseLink = true;","        this.removeObjectCircleReferences = true;","        this.urlPrefix = \"/\";","        this.urlSuffix = \"\";","        if (databasePath) {","            var pos = databasePath.indexOf('orientdb_proxy', 8);","            if (pos > -1) {","                pos = databasePath.indexOf('/', pos);","            }","            else {","                pos = databasePath.indexOf('/', 8);","            }","            if (pos > -1) {","                this.databaseUrl = databasePath.substring(0, pos + 1);","                this.databaseName = databasePath.substring(pos + 1);","            }","            else {","                this.databaseUrl = databasePath;","                this.databaseName = null;","            }","            if (this.databaseName != null && this.databaseName.indexOf('/') > -1) {","                this.encodedDatabaseName = \"\";","                var parts = this.databaseName.split('/');","                for (var p in parts) {","                    if (!parts.hasOwnProperty(p)) {","                        continue;","                    }","                    if (this.encodedDatabaseName.length > 0) {","                        this.encodedDatabaseName += '$';","                    }","                    this.encodedDatabaseName += parts[p];","                }","            }","            else {","                this.encodedDatabaseName = this.databaseName;","            }","        }","    };","    ODatabase.prototype.open = function (userName, userPass, authProxy, type) {","        var _this = this;","        if (userName == null) {","            userName = '';","        }","        if (userPass == null) {","            userPass = '';","        }","        if (authProxy != null && authProxy != '') {","            this.urlPrefix = this.databaseUrl + authProxy + \"/\";","        }","        else {","            this.urlPrefix = this.databaseUrl;","        }","        if (type == null || type == '') {","            type = 'GET';","        }","        this.headers.append('Authorization', 'Basic ' + btoa(userName + ':' + userPass));","        this.http.get(this.urlPrefix + 'database/' + this.encodedDatabaseName + this.urlSuffix, { headers: this.headers })","            .map(function (res) { return res.json(); })","            .subscribe(function (data) {","            _this.setErrorMessage(null);","            if (data) {","                _this.setDatabaseInfo(_this.transformResponse(data));","            }","        }, function (error) {","            _this.setErrorMessage('Connect error: ' + error.statusText);","            _this.setDatabaseInfo(null);","        });","    };","    ODatabase.prototype.transformResponse = function (msg) {","        if (this.getEvalResponse()) {","            var returnValue;","            if (msg.length > 0 && typeof msg != 'object') {","                returnValue = JSON.parse(msg);","            }","            else {","                returnValue = msg;","            }","            if (this.getParseResponseLinks()) {","                return this.parseConnections(returnValue);","            }","            else {","                return returnValue;","            }","        }","        else {","            return msg;","        }","    };","    ODatabase.prototype.parseConnections = function (obj) {","        if (typeof obj == 'object') {","            var linkMap = {","                \"foo\": 0","            };","            linkMap = this.createObjectsLinksMap(obj, linkMap);","            if (linkMap[\"foo\"] == 1) {","                linkMap = this.putObjectInLinksMap(obj, linkMap);","                if (linkMap[\"foo\"] == 2) {","                    obj = this.getObjectFromLinksMap(obj, linkMap);","                }","            }","        }","        return obj;","    };","    ODatabase.prototype.createObjectsLinksMap = function (obj, linkMap) {","        for (var field in obj) {","            if (!obj.hasOwnProperty(field)) {","                continue;","            }","            var value = obj[field];","            if (typeof value == 'object') {","                this.createObjectsLinksMap(value, linkMap);","            }","            else {","                if (typeof value == 'string') {","                    if (value.length > 0 && value.charAt(0) == '#') {","                        if (!linkMap.hasOwnProperty(value)) {","                            linkMap[\"foo\"] = 1;","                            linkMap[value] = null;","                        }","                    }","                }","            }","        }","        return linkMap;","    };","    ODatabase.prototype.removeCircleReferences = function (obj, linkMap) {","        linkMap = this.removeCircleReferencesPopulateMap(obj, linkMap);","        if (obj != null && typeof obj == 'object' && !Array.isArray(obj)) {","            if (obj['@rid'] != null && obj['@rid']) {","                var rid = this.getRidWithPound(obj['@rid']);","                linkMap[rid] = rid;","            }","        }","        this.removeCircleReferencesChangeObject(obj, linkMap);","    };","    ODatabase.prototype.removeCircleReferencesChangeObject = function (obj, linkMap) {","        for (var field in obj) {","            if (!obj.hasOwnProperty(field)) {","                continue;","            }","            var value = obj[field];","            if (value != null && typeof value == 'object' && !Array.isArray(value)) {","                var inspectObject = true;","                if (value['@rid'] != null && value['@rid']) {","                    var rid = this.getRidWithPound(value['@rid']);","                    if (linkMap[rid] != null && linkMap[rid]) {","                        var mapValue = linkMap[rid];","                        if (typeof mapValue == 'object') {","                            linkMap[rid] = rid;","                        }","                        else {","                            obj[field] = mapValue;","                            inspectObject = false;","                        }","                    }","                }","                if (inspectObject) {","                    this.removeCircleReferencesChangeObject(value, linkMap);","                }","            }","            else if (value != null && typeof value == 'object'","                && Array.isArray(value)) {","                for (var i in value) {","                    if (!value.hasOwnProperty(i)) {","                        continue;","                    }","                    var arrayValue = value[i];","                    if (typeof arrayValue == 'object') {","                        var inspectObject = true;","                        if (arrayValue['@rid'] != null && arrayValue['@rid']) {","                            var rid = this.getRidWithPound(arrayValue['@rid']);","                            if (linkMap[rid] != null && linkMap[rid]) {","                                var mapValue = linkMap[rid];","                                if (typeof mapValue == 'object') {","                                    linkMap[rid] = rid;","                                }","                                else {","                                    value[i] = mapValue;","                                    inspectObject = false;","                                }","                            }","                        }","                        if (inspectObject) {","                            this.removeCircleReferencesChangeObject(arrayValue, linkMap);","                        }","                    }","                }","            }","        }","    };","    ODatabase.prototype.handleError = function (error) {","        console.error(error);","        return Rx_1.Observable.throw(error.json().error || 'Server error');","    };","    ODatabase.prototype.getUserName = function () {","        if (!this.databaseInfo) {","            return null;","        }","        return this.databaseInfo.currentUser;","    };","    ODatabase.prototype.getDatabaseInfo = function () {","        return this.databaseInfo;","    };","    ODatabase.prototype.setDatabaseInfo = function (iDatabaseInfo) {","        this.databaseInfo = iDatabaseInfo;","    };","    ODatabase.prototype.getUrlSuffix = function () {","        return this.urlSuffix;","    };","    ODatabase.prototype.setUrlSuffix = function (iUrlSuffix) {","        this.urlSuffix = iUrlSuffix;","    };","    ODatabase.prototype.getCommandResult = function () {","        return this.commandResult;","    };","    ODatabase.prototype.setCommandResult = function (iCommandResult) {","        this.commandResult = iCommandResult;","    };","    ODatabase.prototype.getCommandResponse = function () {","        return this.commandResponse;","    };","    ODatabase.prototype.setCommandResponse = function (iCommandResponse) {","        this.commandResponse = iCommandResponse;","    };","    ODatabase.prototype.getErrorMessage = function () {","        return this.errorMessage;","    };","    ODatabase.prototype.setErrorMessage = function (iErrorMessage) {","        this.errorMessage = iErrorMessage;","    };","    ODatabase.prototype.getDatabaseUrl = function () {","        return this.databaseUrl;","    };","    ODatabase.prototype.setDatabaseUrl = function (iDatabaseUrl) {","        this.databaseUrl = iDatabaseUrl;","    };","    ODatabase.prototype.getDatabaseName = function () {","        return this.encodedDatabaseName;","    };","    ODatabase.prototype.setDatabaseName = function (iDatabaseName) {","        this.encodedDatabaseName = iDatabaseName;","    };","    ODatabase.prototype.getEvalResponse = function () {","        return this.evalResponse;","    };","    ODatabase.prototype.setEvalResponse = function (iEvalResponse) {","        this.evalResponse = iEvalResponse;","    };","    ODatabase.prototype.getParseResponseLinks = function () {","        return this.parseResponseLink;","    };","    ODatabase.prototype.setParseResponseLinks = function (iParseResponseLinks) {","        this.parseResponseLink = iParseResponseLinks;","    };","    ODatabase = __decorate([","        core_1.Injectable(), ","        __metadata('design:paramtypes', [http_1.Http])","    ], ODatabase);","    return ODatabase;","}());","exports.ODatabase = ODatabase;",""],"l":{"2":1,"3":1,"4":1,"5":1,"6":1,"7":1,"8":0,"9":0,"10":0,"11":0,"12":0,"14":0,"15":0,"16":0,"19":0,"21":0,"25":0,"27":0,"28":0,"29":0,"30":0,"32":0,"33":0,"34":0,"37":0,"40":0,"41":0,"45":0,"47":0,"48":0,"49":0,"52":0,"55":0,"56":0,"57":0,"58":0,"60":0,"61":0,"62":0,"63":0,"64":0,"65":0,"67":0,"70":0,"72":0,"73":0,"74":0,"76":0,"77":0,"78":0,"79":0,"80":0,"81":0,"84":0,"89":0,"92":1,"93":0,"94":0,"95":0,"96":0,"97":0,"98":0,"99":0,"100":0,"101":0,"102":0,"103":0,"104":0,"105":0,"106":0,"107":0,"108":0,"109":0,"112":0,"114":0,"115":0,"116":0,"119":0,"120":0,"122":0,"123":0,"124":0,"125":0,"126":0,"127":0,"129":0,"130":0,"132":0,"136":0,"140":1,"141":0,"142":0,"143":0,"145":0,"146":0,"148":0,"149":0,"152":0,"154":0,"155":0,"157":0,"158":0,"159":0,"161":0,"162":0,"163":0,"166":0,"167":0,"170":1,"171":0,"172":0,"173":0,"174":0,"177":0,"179":0,"180":0,"183":0,"187":0,"190":1,"191":0,"192":0,"195":0,"196":0,"197":0,"198":0,"199":0,"203":0,"205":1,"206":0,"207":0,"208":0,"210":0,"211":0,"212":0,"215":0,"216":0,"217":0,"218":0,"219":0,"225":0,"227":1,"228":0,"229":0,"230":0,"231":0,"232":0,"235":0,"237":1,"238":0,"239":0,"240":0,"242":0,"243":0,"244":0,"245":0,"246":0,"247":0,"248":0,"249":0,"250":0,"253":0,"254":0,"258":0,"259":0,"262":0,"264":0,"265":0,"266":0,"268":0,"269":0,"270":0,"271":0,"272":0,"273":0,"274":0,"275":0,"276":0,"279":0,"280":0,"284":0,"285":0,"292":1,"293":0,"294":0,"296":1,"297":0,"298":0,"300":0,"302":1,"303":0,"305":1,"306":0,"308":1,"309":0,"311":1,"312":0,"314":1,"315":0,"317":1,"318":0,"320":1,"321":0,"323":1,"324":0,"326":1,"327":0,"329":1,"330":0,"332":1,"333":0,"335":1,"336":0,"338":1,"339":0,"341":1,"342":0,"344":1,"345":0,"347":1,"348":0,"350":1,"351":0,"353":1,"354":0,"356":1,"360":1,"362":1}},
"/home/dima/Рабочий стол/SMSC-master/modules/admin/src/app/login.test.ts":{"path":"/home/dima/Рабочий стол/SMSC-master/modules/admin/src/app/login.test.ts","s":{"1":1,"2":1,"3":1,"4":1},"b":{},"f":{"1":1,"2":2},"fnMap":{"1":{"name":"(anonymous_1)","line":2,"loc":{"start":{"line":2,"column":13},"end":{"line":2,"column":25}}},"2":{"name":"Login","line":3,"loc":{"start":{"line":3,"column":4},"end":{"line":3,"column":21}}}},"statementMap":{"1":{"start":{"line":2,"column":0},"end":{"line":6,"column":5}},"2":{"start":{"line":3,"column":4},"end":{"line":4,"column":5}},"3":{"start":{"line":5,"column":4},"end":{"line":5,"column":17}},"4":{"start":{"line":7,"column":0},"end":{"line":7,"column":22}}},"branchMap":{},"code":["\"use strict\";","var Login = (function () {","    function Login() {","    }","    return Login;","}());","exports.Login = Login;",""],"l":{"2":1,"3":1,"5":1,"7":1}}}
